<?xml version="1.0" encoding="UTF-8"?>
<!-- Generated by org.testng.reporters.JUnitXMLReporter -->
<testsuite hostname="DESKTOP-QFMIKKG" ignored="0" name="Test" tests="6" failures="0" timestamp="2020-09-28T14:02:11 IST" time="295.734" errors="0">
  <testcase name="addTask" time="38.329" classname="com.ibm.appium.appium_projects.Task1"/>
  <testcase name="addTask" time="6.149" classname="com.ibm.appium.appium_projects.Task2"/>
  <testcase name="addTask" time="18.528" classname="com.ibm.appium.appium_projects.Task3"/>
  <testcase name="addTask" time="57.805" classname="com.ibm.appium.appium_projects.Task4"/>
  <testcase name="addTask" time="37.584" classname="com.ibm.appium.appium_projects.Task5"/>
  <testcase name="addTask" time="49.85" classname="com.ibm.appium.appium_projects.Task6"/>
</testsuite> <!-- Test -->
